<?xml version="1.0" encoding="UTF-8"?>
<!-- Generated by org.testng.reporters.JUnitReportReporter -->
<testsuite skipped="0" hostname="INPUHJPC11069" name="com.techm.testcases.deleteSubInterface" tests="1" failures="0" timestamp="29 Jan 2018 10:06:02 GMT" time="28.156" errors="0">
  <testcase name="BLCdeleteSubInterface" time="28.156" classname="com.techm.testcases.deleteSubInterface"/>
</testsuite> <!-- com.techm.testcases.deleteSubInterface -->
