<?xml version="1.0" encoding="UTF-8"?>
<!-- Generated by org.testng.reporters.JUnitReportReporter -->
<testsuite skipped="0" hostname="INPUHJPC11069" name="com.techm.testcases.CreateSubInterface" tests="1" failures="0" timestamp="07 Mar 2018 09:11:26 GMT" time="51.459" errors="0">
  <testcase name="BLCcreateSubInterface" time="51.459" classname="com.techm.testcases.CreateSubInterface"/>
</testsuite> <!-- com.techm.testcases.CreateSubInterface -->
